[2026-06-25 07:20:32] [buat_peta_lokasi_folium] Memulai pembuatan peta 'peta_interaktif_semarang.html' dengan 3 lokasi.
[2026-06-25 07:20:32] [buat_peta_lokasi_folium] Peta 'peta_interaktif_semarang.html' berhasil dibuat dengan 3 marker.
[2026-06-25 07:20:32] [buat_peta_lokasi_folium] Memulai pembuatan peta 'peta_kedua.html' dengan 3 lokasi.
[2026-06-25 07:20:32] [buat_peta_lokasi_folium] Peta 'peta_kedua.html' berhasil dibuat dengan 3 marker.
[2026-06-25 07:34:58] [buat_peta_lokasi_folium] Memulai pembuatan peta 'peta_interaktif_semarang.html' dengan 10 lokasi.
[2026-06-25 07:34:58] [buat_peta_lokasi_folium] Peta 'peta_interaktif_semarang.html' berhasil dibuat dengan 10 marker.
[2026-06-25 07:34:58] [buat_peta_lokasi_folium] Memulai pembuatan peta 'peta_kedua.html' dengan 10 lokasi.
[2026-06-25 07:34:58] [buat_peta_lokasi_folium] Peta 'peta_kedua.html' berhasil dibuat dengan 10 marker.
[2026-06-25 08:06:06] [buat_peta_lokasi_folium] Memulai pembuatan peta 'peta_interaktif_semarang.html' dengan 10 lokasi.
[2026-06-25 08:06:06] [buat_peta_lokasi_folium] Peta 'peta_interaktif_semarang.html' berhasil dibuat dengan 10 marker.
[2026-06-25 08:06:06] [buat_peta_lokasi_folium] Memulai pembuatan peta 'peta_kedua.html' dengan 10 lokasi.
[2026-06-25 08:06:06] [buat_peta_lokasi_folium] Peta 'peta_kedua.html' berhasil dibuat dengan 10 marker.
[2026-06-25 08:29:11] [buat_peta_lokasi_folium] Memulai pembuatan peta 'peta_interaktif_semarang.html' dengan 13 lokasi.
[2026-06-25 08:29:11] [buat_peta_lokasi_folium] Berhasil memuat konfigurasi dari config_peta.txt: (-6.9929, 110.42), zoom=13
[2026-06-25 08:29:11] [buat_peta_lokasi_folium] Peta 'peta_interaktif_semarang.html' berhasil dibuat dengan 13 marker.
[2026-06-25 08:29:11] [buat_peta_lokasi_folium] Memulai pembuatan peta 'peta_kedua.html' dengan 13 lokasi.
[2026-06-25 08:29:11] [buat_peta_lokasi_folium] Berhasil memuat konfigurasi dari config_peta.txt: (-6.9929, 110.42), zoom=13
[2026-06-25 08:29:11] [buat_peta_lokasi_folium] Peta 'peta_kedua.html' berhasil dibuat dengan 13 marker.
[2026-06-25 08:32:48] [buat_peta_lokasi_folium] Memulai pembuatan peta 'peta_interaktif_semarang.html' dengan 13 lokasi.
[2026-06-25 08:32:48] [buat_peta_lokasi_folium] Berhasil memuat konfigurasi dari config_peta.txt: (-6.9929, 110.42), zoom=13
[2026-06-25 08:32:48] [buat_peta_lokasi_folium] Peta 'peta_interaktif_semarang.html' berhasil dibuat dengan 13 marker.
[2026-06-25 08:32:48] [buat_peta_lokasi_folium] Memulai pembuatan peta 'peta_kedua.html' dengan 13 lokasi.
[2026-06-25 08:32:48] [buat_peta_lokasi_folium] Berhasil memuat konfigurasi dari config_peta.txt: (-6.9929, 110.42), zoom=13
[2026-06-25 08:32:48] [buat_peta_lokasi_folium] Peta 'peta_kedua.html' berhasil dibuat dengan 13 marker.
[2026-06-25 08:34:56] [buat_peta_lokasi_folium] Memulai pembuatan peta 'peta_interaktif_semarang.html' dengan 13 lokasi.
[2026-06-25 08:34:56] [buat_peta_lokasi_folium] Berhasil memuat konfigurasi dari config_peta.txt: (-6.9929, 110.42), zoom=13
[2026-06-25 08:34:56] [buat_peta_lokasi_folium] Peta 'peta_interaktif_semarang.html' berhasil dibuat dengan 13 marker.
[2026-06-25 08:34:56] [buat_peta_lokasi_folium] Memulai pembuatan peta 'peta_kedua.html' dengan 13 lokasi.
[2026-06-25 08:34:56] [buat_peta_lokasi_folium] Berhasil memuat konfigurasi dari config_peta.txt: (-6.9929, 110.42), zoom=13
[2026-06-25 08:34:56] [buat_peta_lokasi_folium] Peta 'peta_kedua.html' berhasil dibuat dengan 13 marker.
[2026-06-25 08:36:26] [buat_peta_lokasi_folium] Memulai pembuatan peta 'peta_interaktif_semarang.html' dengan 13 lokasi.
[2026-06-25 08:36:26] [buat_peta_lokasi_folium] Berhasil memuat konfigurasi dari config_peta.txt: (-6.9929, 110.42), zoom=13
[2026-06-25 08:36:26] [buat_peta_lokasi_folium] Peta 'peta_interaktif_semarang.html' berhasil dibuat dengan 13 marker.
[2026-06-25 08:36:26] [buat_peta_lokasi_folium] Memulai pembuatan peta 'peta_kedua.html' dengan 13 lokasi.
[2026-06-25 08:36:26] [buat_peta_lokasi_folium] Berhasil memuat konfigurasi dari config_peta.txt: (-6.9929, 110.42), zoom=13
[2026-06-25 08:36:26] [buat_peta_lokasi_folium] Peta 'peta_kedua.html' berhasil dibuat dengan 13 marker.
[2026-06-25 08:40:38] [buat_peta_lokasi_folium] Memulai pembuatan peta 'peta_interaktif_semarang.html' dengan 13 lokasi.
[2026-06-25 08:41:54] [buat_peta_lokasi_folium] Memulai pembuatan peta 'peta_interaktif_semarang.html' dengan 13 lokasi.
[2026-06-25 08:42:14] [buat_peta_lokasi_folium] Memulai pembuatan peta 'peta_interaktif_semarang.html' dengan 13 lokasi.
[2026-06-25 08:42:14] [buat_peta_lokasi_folium] Peta 'peta_interaktif_semarang.html' berhasil dibuat dengan 13 marker.
[2026-06-25 08:42:14] [buat_peta_lokasi_folium] Memulai pembuatan peta 'peta_kedua.html' dengan 13 lokasi.
[2026-06-25 08:42:14] [buat_peta_lokasi_folium] Peta 'peta_kedua.html' berhasil dibuat dengan 13 marker.
[2026-06-25 08:43:05] [buat_peta_lokasi_folium] Memulai pembuatan peta 'peta_interaktif_semarang.html' dengan 13 lokasi.
[2026-06-25 08:43:05] [buat_peta_lokasi_folium] Berhasil memuat konfigurasi dari config_peta.txt: (-6.9929, 110.42), zoom=13
[2026-06-25 08:43:05] [buat_peta_lokasi_folium] Peta 'peta_interaktif_semarang.html' berhasil dibuat dengan 13 marker.
[2026-06-25 08:43:05] [buat_peta_lokasi_folium] Memulai pembuatan peta 'peta_kedua.html' dengan 13 lokasi.
[2026-06-25 08:43:05] [buat_peta_lokasi_folium] Berhasil memuat konfigurasi dari config_peta.txt: (-6.9929, 110.42), zoom=13
[2026-06-25 08:43:05] [buat_peta_lokasi_folium] Peta 'peta_kedua.html' berhasil dibuat dengan 13 marker.
[2026-06-25 08:44:26] [buat_peta_lokasi_folium] Memulai pembuatan peta 'peta_interaktif_semarang.html' dengan 13 lokasi.
[2026-06-25 08:44:26] [buat_peta_lokasi_folium] Peta 'peta_interaktif_semarang.html' berhasil dibuat dengan 13 marker.
[2026-06-25 08:44:26] [buat_peta_lokasi_folium] Memulai pembuatan peta 'peta_kedua.html' dengan 13 lokasi.
[2026-06-25 08:44:26] [buat_peta_lokasi_folium] Peta 'peta_kedua.html' berhasil dibuat dengan 13 marker.
[2026-06-25 08:50:17] [buat_peta_lokasi_folium] Memulai pembuatan peta 'peta_interaktif_semarang.html' dengan 14 lokasi.
[2026-06-25 08:50:17] [buat_peta_lokasi_folium] Peta 'peta_interaktif_semarang.html' berhasil dibuat dengan 14 marker.
[2026-06-25 08:50:17] [buat_peta_lokasi_folium] Memulai pembuatan peta 'peta_kedua.html' dengan 14 lokasi.
[2026-06-25 08:50:17] [buat_peta_lokasi_folium] Peta 'peta_kedua.html' berhasil dibuat dengan 14 marker.
[2026-06-25 08:53:46] [buat_peta_lokasi_folium] Memulai pembuatan peta 'peta_interaktif_semarang.html' dengan 14 lokasi.
[2026-06-25 08:53:46] [buat_peta_lokasi_folium] Peta 'peta_interaktif_semarang.html' berhasil dibuat dengan 14 marker.
[2026-06-25 08:53:46] [buat_peta_lokasi_folium] Memulai pembuatan peta 'peta_kedua.html' dengan 14 lokasi.
[2026-06-25 08:53:46] [buat_peta_lokasi_folium] Peta 'peta_kedua.html' berhasil dibuat dengan 14 marker.
[2026-06-30 19:11:21] [buat_peta_lokasi_folium] Memulai pembuatan peta 'peta_interaktif_semarang.html' dengan 14 lokasi.
[2026-06-30 19:11:21] [buat_peta_lokasi_folium] Peta 'peta_interaktif_semarang.html' berhasil dibuat dengan 14 marker.
[2026-06-30 19:11:21] [buat_peta_lokasi_folium] Memulai pembuatan peta 'peta_kedua.html' dengan 14 lokasi.
[2026-06-30 19:11:21] [buat_peta_lokasi_folium] Peta 'peta_kedua.html' berhasil dibuat dengan 14 marker.
